mode: atomic
todo-app/services/database/database.go:11.50,13.16 2 1
todo-app/services/database/database.go:17.2,21.8 2 1
todo-app/services/database/database.go:13.16,15.3 1 0
todo-app/services/database/todo.go:14.43,16.2 1 1
todo-app/services/database/todo.go:19.41,23.2 3 0
todo-app/services/database/todo.go:26.48,30.2 3 0
todo-app/services/database/todo.go:33.49,35.2 1 0
todo-app/services/database/todo_item.go:15.48,17.2 1 0
todo-app/services/database/todo_item.go:20.55,24.2 3 0
todo-app/services/database/todo_item.go:27.56,31.2 3 0
todo-app/services/database/todo_item.go:34.56,36.2 1 0
